build/app/intermediates/manifest_merge_blame_file/release/manifest-merger-blame-release-report.txt
1<?xml version="1.0" encoding="utf-8"?>
2<manifest xmlns:android="http://schemas.android.com/apk/res/android"
3    package="com.example.shreddit"
4    android:versionCode="1"
5    android:versionName="1.0.0" >
6
7    <uses-sdk
8        android:minSdkVersion="19"
8-->src/main/AndroidManifest.xml
9        android:targetSdkVersion="31" />
9-->src/main/AndroidManifest.xml
10
11    <uses-permission android:name="android.permission.INTERNET" />
11-->[:firebase_messaging] AndroidManifest.xml:7:5-67
11-->[:firebase_messaging] AndroidManifest.xml:7:22-64
12    <uses-permission android:name="android.permission.WAKE_LOCK" />
12-->[:firebase_messaging] AndroidManifest.xml:8:5-68
12-->[:firebase_messaging] AndroidManifest.xml:8:22-65
13    <uses-permission android:name="android.permission.ACCESS_NETWORK_STATE" />
13-->[:firebase_messaging] AndroidManifest.xml:9:5-79
13-->[:firebase_messaging] AndroidManifest.xml:9:22-76
14    <uses-permission android:name="android.permission.RECEIVE_BOOT_COMPLETED" />
14-->[:flutter_local_notifications] AndroidManifest.xml:7:5-81
14-->[:flutter_local_notifications] AndroidManifest.xml:7:22-78
15    <uses-permission android:name="android.permission.VIBRATE" />
15-->[:flutter_local_notifications] AndroidManifest.xml:8:5-66
15-->[:flutter_local_notifications] AndroidManifest.xml:8:22-63
16    <uses-permission android:name="android.permission.USE_FULL_SCREEN_INTENT" />
16-->[:flutter_local_notifications] AndroidManifest.xml:9:5-81
16-->[:flutter_local_notifications] AndroidManifest.xml:9:22-78
17    <uses-permission android:name="android.permission.SCHEDULE_EXACT_ALARM" /> <!-- Required by older versions of Google Play services to create IID tokens -->
17-->[:flutter_local_notifications] AndroidManifest.xml:10:5-79
17-->[:flutter_local_notifications] AndroidManifest.xml:10:22-76
18    <uses-permission android:name="com.google.android.c2dm.permission.RECEIVE" />
18-->[com.google.firebase:firebase-messaging:23.0.0] AndroidManifest.xml:25:5-82
18-->[com.google.firebase:firebase-messaging:23.0.0] AndroidManifest.xml:25:22-79
19    <uses-permission android:name="com.google.android.finsky.permission.BIND_GET_INSTALL_REFERRER_SERVICE" /> <!-- Include required permissions for Advertising Id -->
19-->[com.google.android.gms:play-services-measurement:20.0.2] AndroidManifest.xml:26:5-110
19-->[com.google.android.gms:play-services-measurement:20.0.2] AndroidManifest.xml:26:22-107
20    <uses-permission android:name="com.google.android.gms.permission.AD_ID" />
20-->[com.google.android.gms:play-services-ads-identifier:18.0.0] AndroidManifest.xml:23:5-79
20-->[com.google.android.gms:play-services-ads-identifier:18.0.0] AndroidManifest.xml:23:22-76
21
22    <application
23        android:name="io.flutter.app.FlutterMultiDexApplication"
23-->src/main/AndroidManifest.xml:5:9-42
24        android:appComponentFactory="androidx.core.app.CoreComponentFactory"
24-->[androidx.core:core:1.6.0] AndroidManifest.xml:24:18-86
25        android:icon="@mipmap/ic_launcher"
25-->src/main/AndroidManifest.xml:6:9-43
26        android:label="shreddit" >
26-->src/main/AndroidManifest.xml:4:9-33
27        <activity
27-->src/main/AndroidManifest.xml:7:9-30:20
28            android:name="com.example.shreddit.MainActivity"
28-->src/main/AndroidManifest.xml:8:13-41
29            android:configChanges="orientation|keyboardHidden|keyboard|screenSize|smallestScreenSize|locale|layoutDirection|fontScale|screenLayout|density|uiMode"
29-->src/main/AndroidManifest.xml:12:13-163
30            android:exported="true"
30-->src/main/AndroidManifest.xml:9:13-36
31            android:hardwareAccelerated="true"
31-->src/main/AndroidManifest.xml:13:13-47
32            android:launchMode="singleTop"
32-->src/main/AndroidManifest.xml:10:13-43
33            android:theme="@style/LaunchTheme"
33-->src/main/AndroidManifest.xml:11:13-47
34            android:windowSoftInputMode="adjustResize" >
34-->src/main/AndroidManifest.xml:14:13-55
35
36            <!--
37                 Specifies an Android theme to apply to this Activity as soon as
38                 the Android process has started. This theme is visible to the user
39                 while the Flutter UI initializes. After that, this theme continues
40                 to determine the Window background behind the Flutter UI.
41            -->
42            <meta-data
42-->src/main/AndroidManifest.xml:19:13-22:17
43                android:name="io.flutter.embedding.android.NormalTheme"
43-->src/main/AndroidManifest.xml:20:15-70
44                android:resource="@style/NormalTheme" />
44-->src/main/AndroidManifest.xml:21:15-52
45            <meta-data
45-->src/main/AndroidManifest.xml:23:15-25:36
46                android:name="com.google.firebase.messaging.default_notification_channel_id"
46-->src/main/AndroidManifest.xml:24:9-85
47                android:value="shredder" />
47-->src/main/AndroidManifest.xml:25:9-33
48
49            <intent-filter>
49-->src/main/AndroidManifest.xml:26:13-29:29
50                <action android:name="android.intent.action.MAIN" />
50-->src/main/AndroidManifest.xml:27:17-68
50-->src/main/AndroidManifest.xml:27:25-66
51
52                <category android:name="android.intent.category.LAUNCHER" />
52-->src/main/AndroidManifest.xml:28:17-76
52-->src/main/AndroidManifest.xml:28:27-74
53            </intent-filter>
54        </activity>
55        <!--
56             Don't delete the meta-data below.
57             This is used by the Flutter tool to generate GeneratedPluginRegistrant.java
58        -->
59        <meta-data
59-->src/main/AndroidManifest.xml:33:9-35:33
60            android:name="flutterEmbedding"
60-->src/main/AndroidManifest.xml:34:13-44
61            android:value="2" />
61-->src/main/AndroidManifest.xml:35:13-30
62
63        <service
63-->[:firebase_messaging] AndroidManifest.xml:12:9-15:72
64            android:name="io.flutter.plugins.firebase.messaging.FlutterFirebaseMessagingBackgroundService"
64-->[:firebase_messaging] AndroidManifest.xml:13:13-107
65            android:exported="false"
65-->[:firebase_messaging] AndroidManifest.xml:14:13-37
66            android:permission="android.permission.BIND_JOB_SERVICE" />
66-->[:firebase_messaging] AndroidManifest.xml:15:13-69
67        <service
67-->[:firebase_messaging] AndroidManifest.xml:16:9-22:19
68            android:name="io.flutter.plugins.firebase.messaging.FlutterFirebaseMessagingService"
68-->[:firebase_messaging] AndroidManifest.xml:17:13-97
69            android:exported="false" >
69-->[:firebase_messaging] AndroidManifest.xml:18:13-37
70            <intent-filter>
70-->[:firebase_messaging] AndroidManifest.xml:19:13-21:29
71                <action android:name="com.google.firebase.MESSAGING_EVENT" />
71-->[:firebase_messaging] AndroidManifest.xml:20:17-78
71-->[:firebase_messaging] AndroidManifest.xml:20:25-75
72            </intent-filter>
73        </service>
74
75        <receiver
75-->[:firebase_messaging] AndroidManifest.xml:24:9-31:20
76            android:name="io.flutter.plugins.firebase.messaging.FlutterFirebaseMessagingReceiver"
76-->[:firebase_messaging] AndroidManifest.xml:25:13-98
77            android:exported="true"
77-->[:firebase_messaging] AndroidManifest.xml:26:13-36
78            android:permission="com.google.android.c2dm.permission.SEND" >
78-->[:firebase_messaging] AndroidManifest.xml:27:13-73
79            <intent-filter>
79-->[:firebase_messaging] AndroidManifest.xml:28:13-30:29
80                <action android:name="com.google.android.c2dm.intent.RECEIVE" />
80-->[:firebase_messaging] AndroidManifest.xml:29:17-81
80-->[:firebase_messaging] AndroidManifest.xml:29:25-78
81            </intent-filter>
82        </receiver>
83
84        <service
84-->[:firebase_messaging] AndroidManifest.xml:33:9-37:19
85            android:name="com.google.firebase.components.ComponentDiscoveryService"
85-->[:firebase_messaging] AndroidManifest.xml:33:18-89
86            android:directBootAware="true"
86-->[com.google.firebase:firebase-common:20.0.0] AndroidManifest.xml:35:13-43
87            android:exported="false" >
87-->[com.google.firebase:firebase-messaging:23.0.0] AndroidManifest.xml:51:13-37
88            <meta-data
88-->[:firebase_messaging] AndroidManifest.xml:34:13-36:85
89                android:name="com.google.firebase.components:io.flutter.plugins.firebase.messaging.FlutterFirebaseAppRegistrar"
89-->[:firebase_messaging] AndroidManifest.xml:35:17-128
90                android:value="com.google.firebase.components.ComponentRegistrar" />
90-->[:firebase_messaging] AndroidManifest.xml:36:17-82
91            <meta-data
91-->[:firebase_analytics] AndroidManifest.xml:13:13-15:85
92                android:name="com.google.firebase.components:io.flutter.plugins.firebase.analytics.FlutterFirebaseAppRegistrar"
92-->[:firebase_analytics] AndroidManifest.xml:14:17-128
93                android:value="com.google.firebase.components.ComponentRegistrar" />
93-->[:firebase_analytics] AndroidManifest.xml:15:17-82
94            <meta-data
94-->[:cloud_firestore] AndroidManifest.xml:9:13-11:85
95                android:name="com.google.firebase.components:io.flutter.plugins.firebase.firestore.FlutterFirebaseFirestoreRegistrar"
95-->[:cloud_firestore] AndroidManifest.xml:10:17-134
96                android:value="com.google.firebase.components.ComponentRegistrar" />
96-->[:cloud_firestore] AndroidManifest.xml:11:17-82
97            <meta-data
97-->[:firebase_auth] AndroidManifest.xml:9:13-11:85
98                android:name="com.google.firebase.components:io.flutter.plugins.firebase.auth.FlutterFirebaseAuthRegistrar"
98-->[:firebase_auth] AndroidManifest.xml:10:17-124
99                android:value="com.google.firebase.components.ComponentRegistrar" />
99-->[:firebase_auth] AndroidManifest.xml:11:17-82
100            <meta-data
100-->[:firebase_core] AndroidManifest.xml:9:13-11:85
101                android:name="com.google.firebase.components:io.flutter.plugins.firebase.core.FlutterFirebaseCoreRegistrar"
101-->[:firebase_core] AndroidManifest.xml:10:17-124
102                android:value="com.google.firebase.components.ComponentRegistrar" />
102-->[:firebase_core] AndroidManifest.xml:11:17-82
103            <meta-data
103-->[com.google.firebase:firebase-messaging:23.0.0] AndroidManifest.xml:52:13-54:85
104                android:name="com.google.firebase.components:com.google.firebase.messaging.FirebaseMessagingRegistrar"
104-->[com.google.firebase:firebase-messaging:23.0.0] AndroidManifest.xml:53:17-119
105                android:value="com.google.firebase.components.ComponentRegistrar" />
105-->[com.google.firebase:firebase-messaging:23.0.0] AndroidManifest.xml:54:17-82
106            <meta-data
106-->[com.google.firebase:firebase-datatransport:18.0.0] AndroidManifest.xml:28:13-30:85
107                android:name="com.google.firebase.components:com.google.firebase.datatransport.TransportRegistrar"
107-->[com.google.firebase:firebase-datatransport:18.0.0] AndroidManifest.xml:29:17-115
108                android:value="com.google.firebase.components.ComponentRegistrar" />
108-->[com.google.firebase:firebase-datatransport:18.0.0] AndroidManifest.xml:30:17-82
109            <meta-data
109-->[com.google.firebase:firebase-auth:21.0.1] AndroidManifest.xml:77:13-79:85
110                android:name="com.google.firebase.components:com.google.firebase.auth.FirebaseAuthRegistrar"
110-->[com.google.firebase:firebase-auth:21.0.1] AndroidManifest.xml:78:17-109
111                android:value="com.google.firebase.components.ComponentRegistrar" />
111-->[com.google.firebase:firebase-auth:21.0.1] AndroidManifest.xml:79:17-82
112            <meta-data
112-->[com.google.firebase:firebase-firestore:24.0.1] AndroidManifest.xml:20:13-22:85
113                android:name="com.google.firebase.components:com.google.firebase.firestore.FirestoreRegistrar"
113-->[com.google.firebase:firebase-firestore:24.0.1] AndroidManifest.xml:21:17-111
114                android:value="com.google.firebase.components.ComponentRegistrar" />
114-->[com.google.firebase:firebase-firestore:24.0.1] AndroidManifest.xml:22:17-82
115            <meta-data
115-->[com.google.android.gms:play-services-measurement-api:20.0.2] AndroidManifest.xml:30:13-32:85
116                android:name="com.google.firebase.components:com.google.firebase.analytics.connector.internal.AnalyticsConnectorRegistrar"
116-->[com.google.android.gms:play-services-measurement-api:20.0.2] AndroidManifest.xml:31:17-139
117                android:value="com.google.firebase.components.ComponentRegistrar" />
117-->[com.google.android.gms:play-services-measurement-api:20.0.2] AndroidManifest.xml:32:17-82
118            <meta-data
118-->[com.google.firebase:firebase-installations:17.0.0] AndroidManifest.xml:18:13-20:85
119                android:name="com.google.firebase.components:com.google.firebase.installations.FirebaseInstallationsRegistrar"
119-->[com.google.firebase:firebase-installations:17.0.0] AndroidManifest.xml:19:17-127
120                android:value="com.google.firebase.components.ComponentRegistrar" />
120-->[com.google.firebase:firebase-installations:17.0.0] AndroidManifest.xml:20:17-82
121        </service>
122
123        <provider
123-->[:firebase_messaging] AndroidManifest.xml:39:9-43:38
124            android:name="io.flutter.plugins.firebase.messaging.FlutterFirebaseMessagingInitProvider"
124-->[:firebase_messaging] AndroidManifest.xml:40:13-102
125            android:authorities="com.example.shreddit.flutterfirebasemessaginginitprovider"
125-->[:firebase_messaging] AndroidManifest.xml:41:13-88
126            android:exported="false"
126-->[:firebase_messaging] AndroidManifest.xml:42:13-37
127            android:initOrder="99" />
127-->[:firebase_messaging] AndroidManifest.xml:43:13-35
128
129        <receiver
129-->[:flutter_local_notifications] AndroidManifest.xml:13:9-15:40
130            android:name="com.dexterous.flutterlocalnotifications.ScheduledNotificationReceiver"
130-->[:flutter_local_notifications] AndroidManifest.xml:14:13-97
131            android:exported="false" />
131-->[:flutter_local_notifications] AndroidManifest.xml:15:13-37
132        <receiver
132-->[:flutter_local_notifications] AndroidManifest.xml:16:9-25:20
133            android:name="com.dexterous.flutterlocalnotifications.ScheduledNotificationBootReceiver"
133-->[:flutter_local_notifications] AndroidManifest.xml:17:13-101
134            android:exported="false" >
134-->[:flutter_local_notifications] AndroidManifest.xml:18:13-37
135            <intent-filter>
135-->[:flutter_local_notifications] AndroidManifest.xml:19:13-24:29
136                <action android:name="android.intent.action.BOOT_COMPLETED" />
136-->[:flutter_local_notifications] AndroidManifest.xml:20:17-79
136-->[:flutter_local_notifications] AndroidManifest.xml:20:25-76
137                <action android:name="android.intent.action.MY_PACKAGE_REPLACED" />
137-->[:flutter_local_notifications] AndroidManifest.xml:21:17-84
137-->[:flutter_local_notifications] AndroidManifest.xml:21:25-81
138                <action android:name="android.intent.action.QUICKBOOT_POWERON" />
138-->[:flutter_local_notifications] AndroidManifest.xml:22:17-82
138-->[:flutter_local_notifications] AndroidManifest.xml:22:25-79
139                <action android:name="com.htc.intent.action.QUICKBOOT_POWERON" />
139-->[:flutter_local_notifications] AndroidManifest.xml:23:17-82
139-->[:flutter_local_notifications] AndroidManifest.xml:23:25-79
140            </intent-filter>
141        </receiver>
142
143        <provider
143-->[:share] AndroidManifest.xml:8:9-16:20
144            android:name="io.flutter.plugins.share.ShareFileProvider"
144-->[:share] AndroidManifest.xml:9:13-70
145            android:authorities="com.example.shreddit.flutter.share_provider"
145-->[:share] AndroidManifest.xml:10:13-74
146            android:exported="false"
146-->[:share] AndroidManifest.xml:11:13-37
147            android:grantUriPermissions="true" >
147-->[:share] AndroidManifest.xml:12:13-47
148            <meta-data
148-->[:share] AndroidManifest.xml:13:13-15:68
149                android:name="android.support.FILE_PROVIDER_PATHS"
149-->[:share] AndroidManifest.xml:14:17-67
150                android:resource="@xml/flutter_share_file_paths" />
150-->[:share] AndroidManifest.xml:15:17-65
151        </provider>
152
153        <uses-library
153-->[androidx.window:window:1.0.0-beta04] AndroidManifest.xml:25:9-27:40
154            android:name="androidx.window.extensions"
154-->[androidx.window:window:1.0.0-beta04] AndroidManifest.xml:26:13-54
155            android:required="false" />
155-->[androidx.window:window:1.0.0-beta04] AndroidManifest.xml:27:13-37
156        <uses-library
156-->[androidx.window:window:1.0.0-beta04] AndroidManifest.xml:28:9-30:40
157            android:name="androidx.window.sidecar"
157-->[androidx.window:window:1.0.0-beta04] AndroidManifest.xml:29:13-51
158            android:required="false" />
158-->[androidx.window:window:1.0.0-beta04] AndroidManifest.xml:30:13-37
159
160        <receiver
160-->[com.google.firebase:firebase-messaging:23.0.0] AndroidManifest.xml:28:9-35:20
161            android:name="com.google.firebase.iid.FirebaseInstanceIdReceiver"
161-->[com.google.firebase:firebase-messaging:23.0.0] AndroidManifest.xml:29:13-78
162            android:exported="true"
162-->[com.google.firebase:firebase-messaging:23.0.0] AndroidManifest.xml:30:13-36
163            android:permission="com.google.android.c2dm.permission.SEND" >
163-->[com.google.firebase:firebase-messaging:23.0.0] AndroidManifest.xml:31:13-73
164            <intent-filter>
164-->[:firebase_messaging] AndroidManifest.xml:28:13-30:29
165                <action android:name="com.google.android.c2dm.intent.RECEIVE" />
165-->[:firebase_messaging] AndroidManifest.xml:29:17-81
165-->[:firebase_messaging] AndroidManifest.xml:29:25-78
166            </intent-filter>
167        </receiver>
168        <!--
169             FirebaseMessagingService performs security checks at runtime,
170             but set to not exported to explicitly avoid allowing another app to call it.
171        -->
172        <service
172-->[com.google.firebase:firebase-messaging:23.0.0] AndroidManifest.xml:41:9-48:19
173            android:name="com.google.firebase.messaging.FirebaseMessagingService"
173-->[com.google.firebase:firebase-messaging:23.0.0] AndroidManifest.xml:42:13-82
174            android:directBootAware="true"
174-->[com.google.firebase:firebase-messaging:23.0.0] AndroidManifest.xml:43:13-43
175            android:exported="false" >
175-->[com.google.firebase:firebase-messaging:23.0.0] AndroidManifest.xml:44:13-37
176            <intent-filter android:priority="-500" >
176-->[:firebase_messaging] AndroidManifest.xml:19:13-21:29
177                <action android:name="com.google.firebase.MESSAGING_EVENT" />
177-->[:firebase_messaging] AndroidManifest.xml:20:17-78
177-->[:firebase_messaging] AndroidManifest.xml:20:25-75
178            </intent-filter>
179        </service>
180        <service
180-->[com.google.android.datatransport:transport-backend-cct:3.0.0] AndroidManifest.xml:29:9-35:19
181            android:name="com.google.android.datatransport.runtime.backends.TransportBackendDiscovery"
181-->[com.google.android.datatransport:transport-backend-cct:3.0.0] AndroidManifest.xml:30:13-103
182            android:exported="false" >
182-->[com.google.android.datatransport:transport-backend-cct:3.0.0] AndroidManifest.xml:31:13-37
183            <meta-data
183-->[com.google.android.datatransport:transport-backend-cct:3.0.0] AndroidManifest.xml:32:13-34:39
184                android:name="backend:com.google.android.datatransport.cct.CctBackendFactory"
184-->[com.google.android.datatransport:transport-backend-cct:3.0.0] AndroidManifest.xml:33:17-94
185                android:value="cct" />
185-->[com.google.android.datatransport:transport-backend-cct:3.0.0] AndroidManifest.xml:34:17-36
186        </service>
187
188        <activity
188-->[com.google.firebase:firebase-auth:21.0.1] AndroidManifest.xml:27:9-44:20
189            android:name="com.google.firebase.auth.internal.GenericIdpActivity"
189-->[com.google.firebase:firebase-auth:21.0.1] AndroidManifest.xml:28:13-80
190            android:excludeFromRecents="true"
190-->[com.google.firebase:firebase-auth:21.0.1] AndroidManifest.xml:29:13-46
191            android:exported="true"
191-->[com.google.firebase:firebase-auth:21.0.1] AndroidManifest.xml:30:13-36
192            android:launchMode="singleTask"
192-->[com.google.firebase:firebase-auth:21.0.1] AndroidManifest.xml:31:13-44
193            android:theme="@android:style/Theme.Translucent.NoTitleBar" >
193-->[com.google.firebase:firebase-auth:21.0.1] AndroidManifest.xml:32:13-72
194            <intent-filter>
194-->[com.google.firebase:firebase-auth:21.0.1] AndroidManifest.xml:33:13-43:29
195                <action android:name="android.intent.action.VIEW" />
195-->[com.google.firebase:firebase-auth:21.0.1] AndroidManifest.xml:34:17-69
195-->[com.google.firebase:firebase-auth:21.0.1] AndroidManifest.xml:34:25-66
196
197                <category android:name="android.intent.category.DEFAULT" />
197-->[com.google.firebase:firebase-auth:21.0.1] AndroidManifest.xml:36:17-76
197-->[com.google.firebase:firebase-auth:21.0.1] AndroidManifest.xml:36:27-73
198                <category android:name="android.intent.category.BROWSABLE" />
198-->[com.google.firebase:firebase-auth:21.0.1] AndroidManifest.xml:37:17-78
198-->[com.google.firebase:firebase-auth:21.0.1] AndroidManifest.xml:37:27-75
199
200                <data
200-->[com.google.firebase:firebase-auth:21.0.1] AndroidManifest.xml:39:17-42:51
201                    android:host="firebase.auth"
201-->[com.google.firebase:firebase-auth:21.0.1] AndroidManifest.xml:40:21-49
202                    android:path="/"
202-->[com.google.firebase:firebase-auth:21.0.1] AndroidManifest.xml:41:21-37
203                    android:scheme="genericidp" />
203-->[com.google.firebase:firebase-auth:21.0.1] AndroidManifest.xml:42:21-48
204            </intent-filter>
205        </activity>
206        <activity
206-->[com.google.firebase:firebase-auth:21.0.1] AndroidManifest.xml:45:9-62:20
207            android:name="com.google.firebase.auth.internal.RecaptchaActivity"
207-->[com.google.firebase:firebase-auth:21.0.1] AndroidManifest.xml:46:13-79
208            android:excludeFromRecents="true"
208-->[com.google.firebase:firebase-auth:21.0.1] AndroidManifest.xml:47:13-46
209            android:exported="true"
209-->[com.google.firebase:firebase-auth:21.0.1] AndroidManifest.xml:48:13-36
210            android:launchMode="singleTask"
210-->[com.google.firebase:firebase-auth:21.0.1] AndroidManifest.xml:49:13-44
211            android:theme="@android:style/Theme.Translucent.NoTitleBar" >
211-->[com.google.firebase:firebase-auth:21.0.1] AndroidManifest.xml:50:13-72
212            <intent-filter>
212-->[com.google.firebase:firebase-auth:21.0.1] AndroidManifest.xml:51:13-61:29
213                <action android:name="android.intent.action.VIEW" />
213-->[com.google.firebase:firebase-auth:21.0.1] AndroidManifest.xml:34:17-69
213-->[com.google.firebase:firebase-auth:21.0.1] AndroidManifest.xml:34:25-66
214
215                <category android:name="android.intent.category.DEFAULT" />
215-->[com.google.firebase:firebase-auth:21.0.1] AndroidManifest.xml:36:17-76
215-->[com.google.firebase:firebase-auth:21.0.1] AndroidManifest.xml:36:27-73
216                <category android:name="android.intent.category.BROWSABLE" />
216-->[com.google.firebase:firebase-auth:21.0.1] AndroidManifest.xml:37:17-78
216-->[com.google.firebase:firebase-auth:21.0.1] AndroidManifest.xml:37:27-75
217
218                <data
218-->[com.google.firebase:firebase-auth:21.0.1] AndroidManifest.xml:39:17-42:51
219                    android:host="firebase.auth"
219-->[com.google.firebase:firebase-auth:21.0.1] AndroidManifest.xml:40:21-49
220                    android:path="/"
220-->[com.google.firebase:firebase-auth:21.0.1] AndroidManifest.xml:41:21-37
221                    android:scheme="recaptcha" />
221-->[com.google.firebase:firebase-auth:21.0.1] AndroidManifest.xml:42:21-48
222            </intent-filter>
223        </activity>
224
225        <service
225-->[com.google.firebase:firebase-auth:21.0.1] AndroidManifest.xml:64:9-73:19
226            android:name="com.google.firebase.auth.api.fallback.service.FirebaseAuthFallbackService"
226-->[com.google.firebase:firebase-auth:21.0.1] AndroidManifest.xml:65:13-101
227            android:enabled="true"
227-->[com.google.firebase:firebase-auth:21.0.1] AndroidManifest.xml:66:13-35
228            android:exported="false" >
228-->[com.google.firebase:firebase-auth:21.0.1] AndroidManifest.xml:67:13-37
229            <intent-filter>
229-->[com.google.firebase:firebase-auth:21.0.1] AndroidManifest.xml:68:13-72:29
230                <action android:name="com.google.firebase.auth.api.gms.service.START" />
230-->[com.google.firebase:firebase-auth:21.0.1] AndroidManifest.xml:69:17-89
230-->[com.google.firebase:firebase-auth:21.0.1] AndroidManifest.xml:69:25-86
231
232                <category android:name="android.intent.category.DEFAULT" />
232-->[com.google.firebase:firebase-auth:21.0.1] AndroidManifest.xml:36:17-76
232-->[com.google.firebase:firebase-auth:21.0.1] AndroidManifest.xml:36:27-73
233            </intent-filter>
234        </service>
235
236        <provider
236-->[com.google.firebase:firebase-common:20.0.0] AndroidManifest.xml:26:9-31:39
237            android:name="com.google.firebase.provider.FirebaseInitProvider"
237-->[com.google.firebase:firebase-common:20.0.0] AndroidManifest.xml:27:13-77
238            android:authorities="com.example.shreddit.firebaseinitprovider"
238-->[com.google.firebase:firebase-common:20.0.0] AndroidManifest.xml:28:13-72
239            android:directBootAware="true"
239-->[com.google.firebase:firebase-common:20.0.0] AndroidManifest.xml:29:13-43
240            android:exported="false"
240-->[com.google.firebase:firebase-common:20.0.0] AndroidManifest.xml:30:13-37
241            android:initOrder="100" />
241-->[com.google.firebase:firebase-common:20.0.0] AndroidManifest.xml:31:13-36
242
243        <receiver
243-->[com.google.android.gms:play-services-measurement:20.0.2] AndroidManifest.xml:29:9-33:20
244            android:name="com.google.android.gms.measurement.AppMeasurementReceiver"
244-->[com.google.android.gms:play-services-measurement:20.0.2] AndroidManifest.xml:30:13-85
245            android:enabled="true"
245-->[com.google.android.gms:play-services-measurement:20.0.2] AndroidManifest.xml:31:13-35
246            android:exported="false" >
246-->[com.google.android.gms:play-services-measurement:20.0.2] AndroidManifest.xml:32:13-37
247        </receiver>
248
249        <service
249-->[com.google.android.gms:play-services-measurement:20.0.2] AndroidManifest.xml:35:9-38:40
250            android:name="com.google.android.gms.measurement.AppMeasurementService"
250-->[com.google.android.gms:play-services-measurement:20.0.2] AndroidManifest.xml:36:13-84
251            android:enabled="true"
251-->[com.google.android.gms:play-services-measurement:20.0.2] AndroidManifest.xml:37:13-35
252            android:exported="false" />
252-->[com.google.android.gms:play-services-measurement:20.0.2] AndroidManifest.xml:38:13-37
253        <service
253-->[com.google.android.gms:play-services-measurement:20.0.2] AndroidManifest.xml:39:9-43:72
254            android:name="com.google.android.gms.measurement.AppMeasurementJobService"
254-->[com.google.android.gms:play-services-measurement:20.0.2] AndroidManifest.xml:40:13-87
255            android:enabled="true"
255-->[com.google.android.gms:play-services-measurement:20.0.2] AndroidManifest.xml:41:13-35
256            android:exported="false"
256-->[com.google.android.gms:play-services-measurement:20.0.2] AndroidManifest.xml:42:13-37
257            android:permission="android.permission.BIND_JOB_SERVICE" />
257-->[com.google.android.gms:play-services-measurement:20.0.2] AndroidManifest.xml:43:13-69
258
259        <activity
259-->[com.google.android.gms:play-services-base:17.1.0] AndroidManifest.xml:23:9-26:75
260            android:name="com.google.android.gms.common.api.GoogleApiActivity"
260-->[com.google.android.gms:play-services-base:17.1.0] AndroidManifest.xml:24:13-79
261            android:exported="false"
261-->[com.google.android.gms:play-services-base:17.1.0] AndroidManifest.xml:25:13-37
262            android:theme="@android:style/Theme.Translucent.NoTitleBar" />
262-->[com.google.android.gms:play-services-base:17.1.0] AndroidManifest.xml:26:13-72
263
264        <meta-data
264-->[com.google.android.gms:play-services-basement:18.0.0] AndroidManifest.xml:21:9-23:69
265            android:name="com.google.android.gms.version"
265-->[com.google.android.gms:play-services-basement:18.0.0] AndroidManifest.xml:22:13-58
266            android:value="@integer/google_play_services_version" />
266-->[com.google.android.gms:play-services-basement:18.0.0] AndroidManifest.xml:23:13-66
267
268        <service
268-->[com.google.android.datatransport:transport-runtime:3.0.0] AndroidManifest.xml:26:9-30:19
269            android:name="com.google.android.datatransport.runtime.scheduling.jobscheduling.JobInfoSchedulerService"
269-->[com.google.android.datatransport:transport-runtime:3.0.0] AndroidManifest.xml:27:13-117
270            android:exported="false"
270-->[com.google.android.datatransport:transport-runtime:3.0.0] AndroidManifest.xml:28:13-37
271            android:permission="android.permission.BIND_JOB_SERVICE" >
271-->[com.google.android.datatransport:transport-runtime:3.0.0] AndroidManifest.xml:29:13-69
272        </service>
273
274        <receiver
274-->[com.google.android.datatransport:transport-runtime:3.0.0] AndroidManifest.xml:32:9-34:40